[ 2011-11-13T12:03:27+08:00 ] SQL: SHOW COLUMNS FROM `think_demo` [ RunTime:0.039025s ]
[ 2011-11-13T12:03:27+08:00 ] SQL: SELECT * FROM `think_demo` [ RunTime:0.000439s ]
[ 2011-11-13T12:03:27+08:00 ] NOTIC: [2] unlink(./Runtime/Cache/\%%7E^7EF^7EF48C18%%index.html.php) [<a href='function.unlink'>function.unlink</a>]: No such file or directory core.write_file.php 第 44 行.
[ 2011-11-13T12:03:27+08:00 ] NOTIC: [8] Undefined index:  vo %%7E^7EF^7EF48C18%%index.html.php 第 16 行.
[ 2011-11-13T12:03:27+08:00 ] NOTIC: [8] Undefined index:  vo %%7E^7EF^7EF48C18%%index.html.php 第 18 行.
[ 2011-11-13T12:03:27+08:00 ] NOTIC: [8] Undefined index:  vo %%7E^7EF^7EF48C18%%index.html.php 第 20 行.
[ 2011-11-13T12:03:27+08:00 ] NOTIC: [2] unlink(./Runtime/Temp/\%%7E^7EF^7EF48C18%%index.html) [<a href='function.unlink'>function.unlink</a>]: No such file or directory core.write_file.php 第 44 行.
[ 2011-11-13T12:05:01+08:00 ] ERR: (ThinkException) 无法加载模块show
[ 2011-11-13T12:06:39+08:00 ] ERR: (ThinkException) 无法加载模块show
[ 2011-11-13T12:06:42+08:00 ] ERR: (ThinkException) 无法加载模块show
[ 2011-11-13T12:07:17+08:00 ] ERR: (ThinkException) 无法加载模块page
[ 2011-11-13T12:10:41+08:00 ] ERR: (ThinkException) 无法加载模块page
[ 2011-11-13T12:11:23+08:00 ] ERR: (ThinkException) 无法加载模块page
[ 2011-11-13T12:11:25+08:00 ] ERR: (ThinkException) 无法加载模块page
[ 2011-11-13T12:11:26+08:00 ] ERR: (ThinkException) 无法加载模块page
[ 2011-11-13T12:11:28+08:00 ] ERR: (ThinkException) 无法加载模块page
[ 2011-11-13T12:11:38+08:00 ] ERR: (ThinkException) 无法加载模块show
[ 2011-11-13T12:12:42+08:00 ] ERR: (ThinkException) 无法加载模块Page
[ 2011-11-13T12:13:08+08:00 ] SQL: SHOW COLUMNS FROM `think_demo` [ RunTime:0.003834s ]
[ 2011-11-13T12:13:08+08:00 ] SQL: SELECT * FROM `think_demo` [ RunTime:0.001637s ]
[ 2011-11-13T12:13:15+08:00 ] SQL: SHOW COLUMNS FROM `think_demo` [ RunTime:0.005302s ]
[ 2011-11-13T12:13:15+08:00 ] SQL: SELECT * FROM `think_demo` [ RunTime:0.001558s ]
[ 2011-11-13T12:13:22+08:00 ] ERR: (ThinkException) 无法加载模块Page
[ 2011-11-13T12:19:16+08:00 ] ERR: (ThinkException) 非法操作index
[ 2011-11-13T12:19:25+08:00 ] ERR: (ThinkException) 模板不存在[./Tpl/default/Page/show.html]
[ 2011-11-13T12:20:10+08:00 ] NOTIC: [2] unlink(./Runtime/Cache/\%%82^822^822B1F38%%show.html.php) [<a href='function.unlink'>function.unlink</a>]: No such file or directory core.write_file.php 第 44 行.
[ 2011-11-13T12:20:10+08:00 ] NOTIC: [2] unlink(./Runtime/Temp/\%%82^822^822B1F38%%show.html) [<a href='function.unlink'>function.unlink</a>]: No such file or directory core.write_file.php 第 44 行.
[ 2011-11-13T13:06:47+08:00 ] ERR: (ThinkException) 无法加载模块Create
[ 2011-11-13T13:07:38+08:00 ] ERR: (ThinkException) 无法加载模块Create
[ 2011-11-13T13:07:39+08:00 ] ERR: (ThinkException) 无法加载模块Create
[ 2011-11-13T13:07:39+08:00 ] ERR: (ThinkException) 无法加载模块Create
[ 2011-11-13T13:07:40+08:00 ] ERR: (ThinkException) 无法加载模块Create
[ 2011-11-13T13:07:40+08:00 ] ERR: (ThinkException) 无法加载模块Create
[ 2011-11-13T13:07:40+08:00 ] ERR: (ThinkException) 无法加载模块Create
[ 2011-11-13T13:07:40+08:00 ] ERR: (ThinkException) 无法加载模块Create
[ 2011-11-13T13:08:08+08:00 ] NOTIC: [2] unlink(./Runtime/Cache/\%%88^886^886F96F3%%index.html.php) [<a href='function.unlink'>function.unlink</a>]: No such file or directory core.write_file.php 第 44 行.
[ 2011-11-13T13:08:08+08:00 ] NOTIC: [2] unlink(./Runtime/Temp/\%%88^886^886F96F3%%index.html) [<a href='function.unlink'>function.unlink</a>]: No such file or directory core.write_file.php 第 44 行.
[ 2011-11-13T16:01:31+08:00 ] SQL: SHOW COLUMNS FROM `think_article` [ RunTime:0.377751s ]
[ 2011-11-13T16:01:33+08:00 ] SQL: SHOW COLUMNS FROM `think_article` [ RunTime:0.006087s ]
[ 2011-11-13T16:01:33+08:00 ] SQL: SELECT * FROM `think_article` [ RunTime:0.032646s ]
[ 2011-11-13T16:06:38+08:00 ] SQL: SHOW COLUMNS FROM `think_article` [ RunTime:0.003378s ]
[ 2011-11-13T16:06:38+08:00 ] SQL: SELECT * FROM `think_article` [ RunTime:0.002132s ]
[ 2011-11-13T16:07:03+08:00 ] SQL: SHOW COLUMNS FROM `think_article` [ RunTime:0.006692s ]
[ 2011-11-13T16:07:03+08:00 ] SQL: SELECT * FROM `think_article` [ RunTime:0.008253s ]
[ 2011-11-13T16:07:05+08:00 ] ERR: (ThinkException) 模板不存在[./Tpl/default/Create/submit.html]
[ 2011-11-13T16:07:22+08:00 ] SQL: SHOW COLUMNS FROM `think_article` [ RunTime:0.003623s ]
[ 2011-11-13T16:07:22+08:00 ] SQL: SELECT * FROM `think_article` [ RunTime:0.001642s ]
[ 2011-11-13T16:07:23+08:00 ] SQL: SHOW COLUMNS FROM `think_article` [ RunTime:0.003456s ]
[ 2011-11-13T16:07:23+08:00 ] SQL: SELECT * FROM `think_article` [ RunTime:0.002107s ]
[ 2011-11-13T16:07:23+08:00 ] SQL: SHOW COLUMNS FROM `think_article` [ RunTime:0.003226s ]
[ 2011-11-13T16:07:23+08:00 ] SQL: SELECT * FROM `think_article` [ RunTime:0.002077s ]
[ 2011-11-13T16:07:25+08:00 ] SQL: SHOW COLUMNS FROM `think_article` [ RunTime:0.004622s ]
[ 2011-11-13T16:07:25+08:00 ] SQL: SELECT * FROM `think_article` [ RunTime:0.001597s ]
[ 2011-11-13T16:07:39+08:00 ] SQL: SHOW COLUMNS FROM `think_article` [ RunTime:0.003261s ]
[ 2011-11-13T16:07:39+08:00 ] SQL: SELECT * FROM `think_article` [ RunTime:0.002709s ]
[ 2011-11-13T16:07:42+08:00 ] SQL: SHOW COLUMNS FROM `think_article` [ RunTime:0.008103s ]
[ 2011-11-13T16:07:42+08:00 ] NOTIC: [8] Undefined index:  title CreateAction.class.php 第 11 行.
[ 2011-11-13T16:07:42+08:00 ] SQL: INSERT INTO `think_article` (`title`,`content`) VALUES (1,'<p>\r\n	dsfsdf</p>\r\n') [ RunTime:0.018723s ]
[ 2011-11-13T16:07:51+08:00 ] SQL: SHOW COLUMNS FROM `think_article` [ RunTime:0.003459s ]
[ 2011-11-13T16:07:51+08:00 ] NOTIC: [8] Undefined index:  title CreateAction.class.php 第 11 行.
[ 2011-11-13T16:07:51+08:00 ] SQL: INSERT INTO `think_article` (`title`,`content`) VALUES (1,'<p>\r\n	dsfsdf</p>\r\n') [ RunTime:0.039066s ]
[ 2011-11-13T16:07:56+08:00 ] SQL: SHOW COLUMNS FROM `think_article` [ RunTime:0.003258s ]
[ 2011-11-13T16:07:56+08:00 ] SQL: SELECT * FROM `think_article` [ RunTime:0.001490s ]
[ 2011-11-13T16:09:27+08:00 ] SQL: SHOW COLUMNS FROM `think_article` [ RunTime:0.004989s ]
[ 2011-11-13T16:09:27+08:00 ] SQL: SELECT * FROM `think_article` [ RunTime:0.000415s ]
[ 2011-11-13T16:09:27+08:00 ] NOTIC: [2] Cannot modify header information - headers already sent by (output started at C:\AppServ\www\poker\Lib\Action\CreateAction.class.php:6) ~runtime.php 第 2 行.
[ 2011-11-13T16:09:27+08:00 ] NOTIC: [2] Cannot modify header information - headers already sent by (output started at C:\AppServ\www\poker\Lib\Action\CreateAction.class.php:6) ~runtime.php 第 2 行.
[ 2011-11-13T16:09:27+08:00 ] NOTIC: [2] Cannot modify header information - headers already sent by (output started at C:\AppServ\www\poker\Lib\Action\CreateAction.class.php:6) ~runtime.php 第 2 行.
[ 2011-11-13T16:11:48+08:00 ] SQL: SHOW COLUMNS FROM `think_article` [ RunTime:0.003991s ]
[ 2011-11-13T16:11:48+08:00 ] SQL: SELECT * FROM `think_article` [ RunTime:0.003336s ]
[ 2011-11-13T16:11:48+08:00 ] NOTIC: [2] Cannot modify header information - headers already sent by (output started at C:\AppServ\www\poker\Lib\Action\CreateAction.class.php:6) ~runtime.php 第 2 行.
[ 2011-11-13T16:11:48+08:00 ] NOTIC: [2] Cannot modify header information - headers already sent by (output started at C:\AppServ\www\poker\Lib\Action\CreateAction.class.php:6) ~runtime.php 第 2 行.
[ 2011-11-13T16:11:48+08:00 ] NOTIC: [2] Cannot modify header information - headers already sent by (output started at C:\AppServ\www\poker\Lib\Action\CreateAction.class.php:6) ~runtime.php 第 2 行.
