[ 2011-11-02T17:17:21+08:00 ] ERR: (ThinkException) Can't connect to MySQL server on 'localhost' (10061)
[ 2011-11-02T17:18:10+08:00 ] ERR: (ThinkException) Can't connect to MySQL server on '127.0.0.1' (10061)
[ 2011-11-02T17:19:07+08:00 ] SQL: SHOW COLUMNS FROM `think_demo` [ RunTime:0.027149s ]
[ 2011-11-02T17:19:07+08:00 ] SQL: SELECT * FROM `think_demo` [ RunTime:0.001471s ]
[ 2011-11-02T17:21:40+08:00 ] SQL: SHOW COLUMNS FROM `think_demo` [ RunTime:0.003279s ]
[ 2011-11-02T17:21:40+08:00 ] SQL: INSERT INTO `think_demo` (`title`,`content`) VALUES ('lpk','a big giant') [ RunTime:0.138926s ]
[ 2011-11-02T17:21:41+08:00 ] SQL: SHOW COLUMNS FROM `think_demo` [ RunTime:0.003263s ]
[ 2011-11-02T17:21:41+08:00 ] SQL: SELECT * FROM `think_demo` [ RunTime:0.001685s ]
[ 2011-11-02T17:23:55+08:00 ] SQL: SHOW COLUMNS FROM `think_demo` [ RunTime:0.003133s ]
[ 2011-11-02T17:23:55+08:00 ] SQL: SELECT * FROM `think_demo` [ RunTime:0.001453s ]
[ 2011-11-02T17:23:55+08:00 ] NOTIC: [8] Undefined variable: lists 0573c70d8602d961e53f714ea77bd87c.php 第 13 行.
[ 2011-11-02T17:24:01+08:00 ] SQL: SHOW COLUMNS FROM `think_demo` [ RunTime:0.003367s ]
[ 2011-11-02T17:24:01+08:00 ] SQL: SELECT * FROM `think_demo` [ RunTime:0.001499s ]
[ 2011-11-02T17:25:04+08:00 ] SQL: SHOW COLUMNS FROM `think_demo` [ RunTime:0.004373s ]
[ 2011-11-02T17:25:04+08:00 ] SQL: SELECT * FROM `think_demo` [ RunTime:0.001514s ]
[ 2011-11-02T17:25:05+08:00 ] SQL: SHOW COLUMNS FROM `think_demo` [ RunTime:0.003019s ]
[ 2011-11-02T17:25:05+08:00 ] SQL: SELECT * FROM `think_demo` [ RunTime:0.001518s ]
[ 2011-11-02T17:25:06+08:00 ] SQL: SHOW COLUMNS FROM `think_demo` [ RunTime:0.003057s ]
[ 2011-11-02T17:25:06+08:00 ] SQL: SELECT * FROM `think_demo` [ RunTime:0.001419s ]
[ 2011-11-02T17:26:36+08:00 ] SQL: SHOW COLUMNS FROM `think_demo` [ RunTime:0.003056s ]
[ 2011-11-02T17:26:36+08:00 ] SQL: SHOW COLUMNS FROM `think_demo` [ RunTime:0.003410s ]
[ 2011-11-02T17:26:36+08:00 ] SQL: SELECT * FROM `think_demo` [ RunTime:0.001471s ]
[ 2011-11-02T17:26:41+08:00 ] SQL: SHOW COLUMNS FROM `think_demo` [ RunTime:0.003237s ]
[ 2011-11-02T17:26:41+08:00 ] SQL: SELECT * FROM `think_demo` [ RunTime:0.001561s ]
[ 2011-11-02T17:26:43+08:00 ] SQL: SHOW COLUMNS FROM `think_demo` [ RunTime:0.003504s ]
[ 2011-11-02T17:26:43+08:00 ] SQL: SELECT * FROM `think_demo` [ RunTime:0.001488s ]
[ 2011-11-02T17:26:43+08:00 ] SQL: SHOW COLUMNS FROM `think_demo` [ RunTime:0.003096s ]
[ 2011-11-02T17:26:43+08:00 ] SQL: SELECT * FROM `think_demo` [ RunTime:0.001453s ]
[ 2011-11-02T17:26:43+08:00 ] SQL: SHOW COLUMNS FROM `think_demo` [ RunTime:0.003116s ]
[ 2011-11-02T17:26:43+08:00 ] SQL: SELECT * FROM `think_demo` [ RunTime:0.001917s ]
[ 2011-11-02T17:26:43+08:00 ] SQL: SHOW COLUMNS FROM `think_demo` [ RunTime:0.003021s ]
[ 2011-11-02T17:26:43+08:00 ] SQL: SELECT * FROM `think_demo` [ RunTime:0.001781s ]
[ 2011-11-02T17:26:44+08:00 ] SQL: SHOW COLUMNS FROM `think_demo` [ RunTime:0.003169s ]
[ 2011-11-02T17:26:44+08:00 ] SQL: SELECT * FROM `think_demo` [ RunTime:0.001465s ]
[ 2011-11-02T17:26:44+08:00 ] SQL: SHOW COLUMNS FROM `think_demo` [ RunTime:0.003085s ]
[ 2011-11-02T17:26:44+08:00 ] SQL: SELECT * FROM `think_demo` [ RunTime:0.001432s ]
[ 2011-11-02T17:26:59+08:00 ] SQL: SHOW COLUMNS FROM `think_demo` [ RunTime:0.003056s ]
[ 2011-11-02T17:26:59+08:00 ] SQL: INSERT INTO `think_demo` (`title`,`content`) VALUES ('os','dd') [ RunTime:0.002038s ]
[ 2011-11-02T17:26:59+08:00 ] SQL: SHOW COLUMNS FROM `think_demo` [ RunTime:0.003059s ]
[ 2011-11-02T17:26:59+08:00 ] SQL: SELECT * FROM `think_demo` [ RunTime:0.001676s ]
[ 2011-11-02T18:08:17+08:00 ] SQL: SHOW COLUMNS FROM `think_demo` [ RunTime:0.019824s ]
[ 2011-11-02T18:08:17+08:00 ] SQL: SELECT * FROM `think_demo` [ RunTime:0.001564s ]
[ 2011-11-02T18:08:27+08:00 ] SQL: SHOW COLUMNS FROM `think_demo` [ RunTime:0.003031s ]
[ 2011-11-02T18:08:27+08:00 ] SQL: INSERT INTO `think_demo` (`title`,`content`) VALUES ('ab','sss') [ RunTime:0.002634s ]
[ 2011-11-02T18:08:27+08:00 ] SQL: SHOW COLUMNS FROM `think_demo` [ RunTime:0.003839s ]
[ 2011-11-02T18:08:27+08:00 ] SQL: SELECT * FROM `think_demo` [ RunTime:0.002436s ]
